2025-05-21 17:06:13,912 INFO: Uploaded video saved at media/uploads/test_video.mp4
2025-05-21 17:08:40,675 INFO: Uploaded video saved at media/uploads/test_video.mp4
2025-05-21 17:10:12,238 INFO: Uploaded video saved at media/uploads/test_video.mp4
2025-05-21 17:12:07,954 INFO: Uploaded video saved at media/uploads/SampleVideo_1280x720_1mb.mp4
2025-05-21 17:13:25,578 INFO: Uploaded video saved at media/uploads/SampleVideo_1280x720_1mb.mp4
2025-05-21 17:13:34,092 INFO: SampleVideo_1280x720_1mb.mp4 has been processed
2025-05-22 10:46:02,811 INFO: Uploaded video saved at media/uploads/SampleVideo_1280x720_2mb.mp4
2025-05-22 10:46:04,234 INFO: Frames are extracted from SampleVideo_1280x720_2mb.mp4
2025-05-22 10:57:57,535 INFO: Uploaded video saved at media/uploads/SampleVideo_1280x720_2mb.mp4
2025-05-22 10:58:00,001 INFO: Frames are extracted from SampleVideo_1280x720_2mb.mp4
2025-05-22 11:18:17,408 INFO: Uploaded video saved at media/uploads/SampleVideo_1280x720_1mb.mp4
2025-05-22 11:18:17,882 INFO: Extracted frames to media/frames/SampleVideo_1280x720_1mb
2025-05-22 11:18:20,820 INFO: Extracted audio to media/frames/SampleVideo_1280x720_1mb\audio.wav
2025-05-22 11:50:45,320 INFO: Uploaded video saved at media/uploads/SampleVideo_1280x720_1mb.mp4
2025-05-22 11:50:45,677 INFO: Extracted frames to media/frames/SampleVideo_1280x720_1mb
2025-05-22 11:50:45,877 INFO: Extracted audio to media/frames/SampleVideo_1280x720_1mb\audio.wav
2025-05-22 11:51:49,520 INFO: Uploaded video saved at media/uploads/SampleVideo_1280x720_1mb.mp4
2025-05-22 11:51:49,882 INFO: Extracted frames to media/frames/SampleVideo_1280x720_1mb
2025-05-22 11:51:50,009 INFO: Extracted audio to media/frames/SampleVideo_1280x720_1mb\audio.wav
2025-05-22 11:52:34,830 INFO: Uploaded video saved at media/uploads/SampleVideo_1280x720_1mb.mp4
2025-05-22 11:52:35,204 INFO: Extracted frames to media/frames/SampleVideo_1280x720_1mb
2025-05-22 11:52:35,318 INFO: Extracted audio to media/frames/SampleVideo_1280x720_1mb\audio.wav
2025-05-22 11:52:43,133 INFO: YOLO detection has completed successfully.
2025-05-22 16:22:21,282 INFO: Uploaded video saved at media/uploads/SampleVideo_1280x720_1mb.mp4
2025-05-22 16:22:21,945 INFO: Extracted frames to media/frames/SampleVideo_1280x720_1mb
2025-05-22 16:22:23,120 INFO: Extracted audio to media/frames/SampleVideo_1280x720_1mb\audio.wav
2025-05-22 16:22:30,836 INFO: YOLO detection has completed successfully.
2025-05-23 10:29:37,130 INFO: Uploaded video saved at: media/uploads\SampleVideo_1280x720_1mb.mp4
2025-05-23 10:29:37,476 INFO: Started processing video: media/uploads\SampleVideo_1280x720_1mb.mp4
2025-05-23 10:30:01,413 INFO: Saved result to: media/results\SampleVideo_1280x720_1mb.json
2025-05-23 10:30:01,413 INFO: Finished processing video: media/uploads\SampleVideo_1280x720_1mb.mp4, frames: 132, person detected: False
2025-05-23 10:30:01,414 INFO: Idle detected: False, duration: 0
2025-05-23 10:33:57,737 INFO: Uploaded video saved at: media/uploads\7251414-uhd_2160_3840_25fps.mp4
2025-05-23 10:33:57,961 INFO: Started processing video: media/uploads\7251414-uhd_2160_3840_25fps.mp4
2025-05-23 10:36:25,664 INFO: Saved result to: media/results\7251414-uhd_2160_3840_25fps.json
2025-05-23 10:36:25,664 INFO: Finished processing video: media/uploads\7251414-uhd_2160_3840_25fps.mp4, frames: 639, person detected: True
2025-05-23 10:36:25,666 INFO: Idle detected: False, duration: 0
2025-05-23 10:48:19,806 INFO: Uploaded video saved at: media/uploads\idle_person.mp4
2025-05-23 10:48:19,897 INFO: Started processing video: media/uploads\idle_person.mp4
2025-05-23 10:52:17,950 INFO: Saved result to: media/results\idle_person.json
2025-05-23 10:52:17,954 INFO: Finished processing video: media/uploads\idle_person.mp4, frames: 1050, person detected: True
2025-05-23 10:52:17,959 INFO: Idle detected: True, duration: 34.97
